bme_gpu06
start on Sun Dec 17 19:01:26 CST 2023
/home_data/home/jianght2023/miniconda3/envs/pytorch/lib/python3.11/site-packages/torch/distributed/launch.py:181: FutureWarning: The module torch.distributed.launch is deprecated
and will be removed in future. Use torchrun.
Note that --use-env is set by default in torchrun.
If your script expects `--local-rank` argument to be set, please
change it to read from `os.environ['LOCAL_RANK']` instead. See 
https://pytorch.org/docs/stable/distributed.html#launch-utility for 
further instructions

  warnings.warn(
[2023-12-17 19:01:29,101] torch.distributed.run: [WARNING] 
[2023-12-17 19:01:29,101] torch.distributed.run: [WARNING] *****************************************
[2023-12-17 19:01:29,101] torch.distributed.run: [WARNING] Setting OMP_NUM_THREADS environment variable for each process to be 1 in default, to avoid your system being overloaded, please further tune the variable for optimal performance in your application as needed. 
[2023-12-17 19:01:29,101] torch.distributed.run: [WARNING] *****************************************
[0, 1, 2, 3, 4, 5][0, 1, 2, 3, 4, 5]  wdadawdada

[0, 1, 2, 3, 4, 5][0, 1, 2, 3, 4, 5]  wdadawdada

[0, 1, 2, 3, 4, 5][0, 1, 2, 3, 4, 5]  wdadawdada

Namespace(epochs=300, batch_size=16, lr=0.0001, lr_res=0.0001, lrf=0.1, lr_head=[0.0003, 0.0003, 0.0003, 0.0003, 0.0003, 0.0003], loss_weights=[10.0, 10.0, 10.0, 10.0, 10.0, 10.0], weights='', freeze_layers=False, device='cuda:0', where='/public/home/jianght2023/50_pths_moe', base_path='/public_bme/data/jianght/datas/Pathology/class2', train_csv='/public_bme/data/jianght/datas/Pathology/class2/select_train.csv', valid_csv='/public_bme/data/jianght/datas/Pathology/class2/total_test2.csv', positive_csv='/public_bme/data/jianght/datas/Pathology/class2/total_pos_supp_yang.csv', negative_csv='/public_bme/data/jianght/datas/Pathology/class2/test.csv', head_idx=None, img_batch=2, arch='resnet34', res_weights='/public/home/jianght2023/pths2/resnet2/resnet.pth', res_savedir='/public/home/jianght2023/pths_resnet/50_0gong_lt_res50', multi_tasks=6, num_classes=[2, 3, 4, 2, 2, 2], loss_fns=['CELoss', 'CELoss', 'CELoss', 'CELoss', 'CELoss', 'CELoss'], tasks=['label', 'label', 'label', 'label', 'label', 'label'], long_tails=[False, False, False, False, False, False], alpha=[0.2, 0.2, 0.2, 0.2, 0.2, 0.2], cont=True, show_tasks=[0, 1, 2, 3, 4, 5], needpatch=False, backbone='vit_moe', reduction='none', logdir='weight1_ttt.txt', depth=12, gate_dim=None, num_experts_pertask=-1, local_rank=0, task_id=[0, 1, 2, 3, 4, 5])Namespace(epochs=300, batch_size=16, lr=0.0001, lr_res=0.0001, lrf=0.1, lr_head=[0.0003, 0.0003, 0.0003, 0.0003, 0.0003, 0.0003], loss_weights=[10.0, 10.0, 10.0, 10.0, 10.0, 10.0], weights='', freeze_layers=False, device='cuda:0', where='/public/home/jianght2023/50_pths_moe', base_path='/public_bme/data/jianght/datas/Pathology/class2', train_csv='/public_bme/data/jianght/datas/Pathology/class2/select_train.csv', valid_csv='/public_bme/data/jianght/datas/Pathology/class2/total_test2.csv', positive_csv='/public_bme/data/jianght/datas/Pathology/class2/total_pos_supp_yang.csv', negative_csv='/public_bme/data/jianght/datas/Pathology/class2/test.csv', head_idx=None, img_batch=2, arch='resnet34', res_weights='/public/home/jianght2023/pths2/resnet2/resnet.pth', res_savedir='/public/home/jianght2023/pths_resnet/50_0gong_lt_res50', multi_tasks=6, num_classes=[2, 3, 4, 2, 2, 2], loss_fns=['CELoss', 'CELoss', 'CELoss', 'CELoss', 'CELoss', 'CELoss'], tasks=['label', 'label', 'label', 'label', 'label', 'label'], long_tails=[False, False, False, False, False, False], alpha=[0.2, 0.2, 0.2, 0.2, 0.2, 0.2], cont=True, show_tasks=[0, 1, 2, 3, 4, 5], needpatch=False, backbone='vit_moe', reduction='none', logdir='weight1_ttt.txt', depth=12, gate_dim=None, num_experts_pertask=-1, local_rank=1, task_id=[0, 1, 2, 3, 4, 5])

0
----------------------------------------------------------------------------------------------------
1
----------------------------------------------------------------------------------------------------
['label', 'highlabel', 'degree', 'fungus', 'cluecell', 'microbe']['label', 'highlabel', 'degree', 'fungus', 'cluecell', 'microbe']

['code', 'label', 'highlabel', 'degree', 'fungus', 'cluecell', 'microbe']['code', 'label', 'highlabel', 'degree', 'fungus', 'cluecell', 'microbe']

4274442744  90999099

Using 8 dataloader workers every processUsing 8 dataloader workers every process

/home_data/home/jianght2023/miniconda3/envs/pytorch/lib/python3.11/site-packages/torchvision/models/_utils.py:208: UserWarning: The parameter 'pretrained' is deprecated since 0.13 and may be removed in the future, please use 'weights' instead.
  warnings.warn(
/home_data/home/jianght2023/miniconda3/envs/pytorch/lib/python3.11/site-packages/torchvision/models/_utils.py:208: UserWarning: The parameter 'pretrained' is deprecated since 0.13 and may be removed in the future, please use 'weights' instead.
  warnings.warn(
/home_data/home/jianght2023/miniconda3/envs/pytorch/lib/python3.11/site-packages/torchvision/models/_utils.py:223: UserWarning: Arguments other than a weight enum or `None` for 'weights' are deprecated since 0.13 and may be removed in the future. The current behavior is equivalent to passing `weights=ResNet34_Weights.IMAGENET1K_V1`. You can also use `weights=ResNet34_Weights.DEFAULT` to get the most up-to-date weights.
  warnings.warn(msg)
/home_data/home/jianght2023/miniconda3/envs/pytorch/lib/python3.11/site-packages/torchvision/models/_utils.py:223: UserWarning: Arguments other than a weight enum or `None` for 'weights' are deprecated since 0.13 and may be removed in the future. The current behavior is equivalent to passing `weights=ResNet34_Weights.IMAGENET1K_V1`. You can also use `weights=ResNet34_Weights.DEFAULT` to get the most up-to-date weights.
  warnings.warn(msg)
embed_dim is 512----------------------------------------------------------------
embed_dim is 512----------------------------------------------------------------
multigate,NoisyGate_VMoE
multigate,NoisyGate_VMoE
multigate,NoisyGate_VMoE
multigate,NoisyGate_VMoE
multigate,NoisyGate_VMoE
multigate,NoisyGate_VMoE
multigate,NoisyGate_VMoE
multigate,NoisyGate_VMoE
multigate,NoisyGate_VMoE
multigate,NoisyGate_VMoE
multigate,NoisyGate_VMoE
torch.Size([1, 6, 512]) torch.Size([1, 1, 512])
multigate,NoisyGate_VMoE
torch.Size([1, 6, 512]) torch.Size([1, 1, 512])
[False, False, False, False, False, False] 0
(6, 512) embed_mean is None--------------
[False, False, False, False, False, False] 0
(6, 512) embed_mean is None--------------
dsawww
dsawww
Traceback (most recent call last):
  File "/home_data/home/jianght2023/projects/cervical-cancer/train_distribute.py", line 287, in <module>
    main(opt)
Traceback (most recent call last):
  File "/home_data/home/jianght2023/projects/cervical-cancer/train_distribute.py", line 287, in <module>
  File "/home_data/home/jianght2023/projects/cervical-cancer/train_distribute.py", line 149, in main
    optimizer = get_optimizer(args,model)
                ^^^^^^^^^^^^^^^^^^^^^^^^^
  File "/home_data/home/jianght2023/projects/cervical-cancer/utils/functions.py", line 69, in get_optimizer
    main(opt)
  File "/home_data/home/jianght2023/projects/cervical-cancer/train_distribute.py", line 149, in main
    ignored_params = list(map(id, model.model.heads.parameters()))   # 返回的是parameters的 内存地址
                             optimizer = get_optimizer(args,model) 
        ^^^^^ ^ ^ ^ ^ ^ ^ 
     File "/home_data/home/jianght2023/miniconda3/envs/pytorch/lib/python3.11/site-packages/torch/nn/modules/module.py", line 1695, in __getattr__
      ^^^^^^^^^^^^^^^^^^^^^^^^^
  File "/home_data/home/jianght2023/projects/cervical-cancer/utils/functions.py", line 69, in get_optimizer
    ignored_params = list(map(id, model.model.heads.parameters()))   # 返回的是parameters的 内存地址
                                  ^^^^^^^^^^^
  File "/home_data/home/jianght2023/miniconda3/envs/pytorch/lib/python3.11/site-packages/torch/nn/modules/module.py", line 1695, in __getattr__
    raise AttributeError(f"'{type(self).__name__}' object has no attribute '{name}'")
AttributeError: 'DistributedDataParallel' object has no attribute 'model'    raise AttributeError(f"'{type(self).__name__}' object has no attribute '{name}'")
AttributeError: 'DistributedDataParallel' object has no attribute 'model'. Did you mean: 'module'?
. Did you mean: 'module'?
[2023-12-17 19:01:49,106] torch.distributed.elastic.multiprocessing.api: [ERROR] failed (exitcode: 1) local_rank: 0 (pid: 41726) of binary: /home_data/home/jianght2023/miniconda3/envs/pytorch/bin/python
Traceback (most recent call last):
  File "<frozen runpy>", line 198, in _run_module_as_main
  File "<frozen runpy>", line 88, in _run_code
  File "/home_data/home/jianght2023/miniconda3/envs/pytorch/lib/python3.11/site-packages/torch/distributed/launch.py", line 196, in <module>
    main()
  File "/home_data/home/jianght2023/miniconda3/envs/pytorch/lib/python3.11/site-packages/torch/distributed/launch.py", line 192, in main
    launch(args)
  File "/home_data/home/jianght2023/miniconda3/envs/pytorch/lib/python3.11/site-packages/torch/distributed/launch.py", line 177, in launch
    run(args)
  File "/home_data/home/jianght2023/miniconda3/envs/pytorch/lib/python3.11/site-packages/torch/distributed/run.py", line 797, in run
    elastic_launch(
  File "/home_data/home/jianght2023/miniconda3/envs/pytorch/lib/python3.11/site-packages/torch/distributed/launcher/api.py", line 134, in __call__
    return launch_agent(self._config, self._entrypoint, list(args))
           ^^^^^^^^^^^^^^^^^^^^^^^^^^^^^^^^^^^^^^^^^^^^^^^^^^^^^^^^
  File "/home_data/home/jianght2023/miniconda3/envs/pytorch/lib/python3.11/site-packages/torch/distributed/launcher/api.py", line 264, in launch_agent
    raise ChildFailedError(
torch.distributed.elastic.multiprocessing.errors.ChildFailedError: 
============================================================
train_distribute.py FAILED
------------------------------------------------------------
Failures:
[1]:
  time      : 2023-12-17_19:01:49
  host      : bme_gpu06
  rank      : 1 (local_rank: 1)
  exitcode  : 1 (pid: 41727)
  error_file: <N/A>
  traceback : To enable traceback see: https://pytorch.org/docs/stable/elastic/errors.html
------------------------------------------------------------
Root Cause (first observed failure):
[0]:
  time      : 2023-12-17_19:01:49
  host      : bme_gpu06
  rank      : 0 (local_rank: 0)
  exitcode  : 1 (pid: 41726)
  error_file: <N/A>
  traceback : To enable traceback see: https://pytorch.org/docs/stable/elastic/errors.html
============================================================
end on Sun Dec 17 19:01:49 CST 2023
